<?xml version="1.0" encoding="UTF-8"?>
<!-- Generated by org.testng.reporters.JUnitReportReporter -->
<testsuite skipped="0" hostname="LAPTOP-LS990Q1C" name="LoginTest" tests="1" failures="0" timestamp="2020-03-19T21:31:07 IST" time="2.262" errors="0">
  <testcase name="loginTest" time="2.262" classname="LoginTest"/>
  <system-out/>
</testsuite> <!-- LoginTest -->
